<?xml version="1.0" encoding="UTF-8"?>
<testsuites name="New-TS-1" time="43.512" tests="1" failures="0" errors="0">
   <testsuite name="New-TS-1" tests="1" failures="0" errors="0" time="43.512" skipped="0" timestamp="26-02-2025T21:45:25" hostname="mahtabsiddique - localhost" id="Test Suites/New-TS-1">
      <properties>
[...]
</properties>
      <testcase name="Test Cases/New-Test-1" time="43.43" classname="Test Cases/New-Test-1" status="PASSED">
         <system-out><![CDATA[26-02-2025T21:45:25 - [TEST_CASE][PASSED] - Test Cases/New-Test-1: Test Cases/New-Test-1

26-02-2025T21:45:25 - [TEST_STEP][PASSED] - startApplication("15385d23-e460-4a2d-8fdc-6ac1286a01e8", true): Started application: '15385d23-e460-4a2d-8fdc-6ac1286a01e8'

26-02-2025T21:45:25 - [MESSAGE][INFO] - Overriding application: '15385d23-e460-4a2d-8fdc-6ac1286a01e8' by '15385d23-e460-4a2d-8fdc-6ac1286a01e8'

26-02-2025T21:45:25 - [MESSAGE][INFO] - Override application info: '{"id":"15385d23-e460-4a2d-8fdc-6ac1286a01e8","organizationId":"1761048","name":"API Demos","platform":"ANDROID","status":"READY","size":5049398,"storagePath":"6a438711-92c3-454a-86e7-c21b4a5d5ecf","uploadedDate":"2025-02-26T16:03:22.695691","createdDate":"2025-02-26T16:03:22.695691","updatedDate":"2025-02-26T16:03:26.291819","fileName":"APIDemos.apk","metadata":{"identifier":"io.appium.android.apis","name":"API Demos","version":"4.1.1"}}'

26-02-2025T21:45:25 - [MESSAGE][INFO] - Starting application: '15385d23-e460-4a2d-8fdc-6ac1286a01e8'

26-02-2025T21:45:50 - [MESSAGE][WARNING] - Unable to get appium status. Root cause (com.google.gson.stream.MalformedJsonException: Use JsonReader.setLenient(true) to accept malformed JSON at line 1 column 11 path $)

26-02-2025T21:45:52 - [MESSAGE][PASSED] - Started application: '15385d23-e460-4a2d-8fdc-6ac1286a01e8'

26-02-2025T21:45:52 - [TEST_STEP][PASSED] - tap(findTestObject("Object Repository/android.widget.TextView - Accessibility"), 0): Tapped on element 'Object Repository/android.widget.TextView - Accessibility'

26-02-2025T21:45:52 - [MESSAGE][WARNING] - Timeout '0' is invalid. Using default page load timeout: '30'

26-02-2025T21:45:56 - [MESSAGE][PASSED] - Tapped on element 'Object Repository/android.widget.TextView - Accessibility'

26-02-2025T21:45:56 - [TEST_STEP][PASSED] - tap(findTestObject("Object Repository/android.widget.TextView - Custom View"), 0): Tapped on element 'Object Repository/android.widget.TextView - Custom View'

26-02-2025T21:45:56 - [MESSAGE][WARNING] - Timeout '0' is invalid. Using default page load timeout: '30'

26-02-2025T21:45:59 - [MESSAGE][PASSED] - Tapped on element 'Object Repository/android.widget.TextView - Custom View'

26-02-2025T21:45:59 - [TEST_STEP][PASSED] - pressBack(): Press back button successfully

26-02-2025T21:46:02 - [MESSAGE][PASSED] - Press back button successfully

26-02-2025T21:46:02 - [TEST_STEP][PASSED] - pressBack(): Press back button successfully

26-02-2025T21:46:04 - [MESSAGE][PASSED] - Press back button successfully

26-02-2025T21:46:04 - [TEST_STEP][PASSED] - closeApplication(): Close app successfully

26-02-2025T21:46:08 - [MESSAGE][PASSED] - Close app successfully]]></system-out>
         <system-err><![CDATA[]]></system-err>
      </testcase>
      <system-out><![CDATA[26-02-2025T21:45:25 - [TEST_SUITE][PASSED] - New-TS-1: Test Cases/New-Test-1]]></system-out>
      <system-err><![CDATA[]]></system-err>
   </testsuite>
</testsuites>
